{"meta": {"format": 3, "version": "7.8.0", "timestamp": "2025-06-11T23:29:07.928021", "branch_coverage": false, "show_contexts": false}, "files": {"api.py": {"executed_lines": [1, 7, 8, 9, 10, 11, 12, 13, 14, 15, 18, 20, 23, 38, 49, 63, 66, 100, 106, 114, 118, 123, 137, 159, 261, 262, 349, 350, 354, 355, 407, 408, 458, 459], "summary": {"covered_lines": 33, "num_statements": 213, "percent_covered": 15.492957746478874, "percent_covered_display": "15", "missing_lines": 180, "excluded_lines": 0}, "missing_lines": [102, 103, 104, 108, 109, 116, 120, 121, 128, 129, 132, 134, 135, 144, 154, 156, 157, 166, 167, 170, 173, 182, 185, 187, 189, 194, 195, 204, 205, 209, 210, 211, 213, 216, 217, 218, 220, 221, 222, 227, 228, 229, 230, 236, 238, 245, 246, 250, 251, 253, 254, 256, 258, 274, 275, 276, 277, 279, 280, 281, 282, 283, 284, 286, 288, 289, 290, 294, 296, 299, 300, 302, 306, 309, 310, 313, 316, 321, 322, 324, 325, 328, 329, 330, 331, 332, 334, 335, 336, 340, 341, 342, 343, 344, 345, 351, 352, 357, 358, 359, 360, 362, 364, 365, 367, 369, 370, 371, 377, 380, 381, 384, 386, 391, 393, 398, 399, 400, 401, 402, 403, 404, 405, 410, 411, 412, 413, 415, 416, 418, 419, 421, 424, 425, 426, 429, 431, 432, 433, 439, 440, 445, 447, 449, 450, 451, 452, 453, 454, 455, 456, 470, 471, 472, 473, 475, 477, 478, 480, 483, 484, 485, 487, 488, 489, 495, 500, 503, 504, 509, 515, 517, 521, 522, 523, 524, 525, 526, 527, 528], "excluded_lines": [], "functions": {"initialize_pea_session": {"executed_lines": [], "summary": {"covered_lines": 0, "num_statements": 3, "percent_covered": 0.0, "percent_covered_display": "0", "missing_lines": 3, "excluded_lines": 0}, "missing_lines": [102, 103, 104], "excluded_lines": []}, "add_message_to_session": {"executed_lines": [], "summary": {"covered_lines": 0, "num_statements": 2, "percent_covered": 0.0, "percent_covered_display": "0", "missing_lines": 2, "excluded_lines": 0}, "missing_lines": [108, 109], "excluded_lines": []}, "get_session_history": {"executed_lines": [], "summary": {"covered_lines": 0, "num_statements": 1, "percent_covered": 0.0, "percent_covered_display": "0", "missing_lines": 1, "excluded_lines": 0}, "missing_lines": [116], "excluded_lines": []}, "clear_session": {"executed_lines": [], "summary": {"covered_lines": 0, "num_statements": 2, "percent_covered": 0.0, "percent_covered_display": "0", "missing_lines": 2, "excluded_lines": 0}, "missing_lines": [120, 121], "excluded_lines": []}, "_get_provider_api_key": {"executed_lines": [], "summary": {"covered_lines": 0, "num_statements": 5, "percent_covered": 0.0, "percent_covered_display": "0", "missing_lines": 5, "excluded_lines": 0}, "missing_lines": [128, 129, 132, 134, 135], "excluded_lines": []}, "_generate_optimized_prompt_xml": {"executed_lines": [], "summary": {"covered_lines": 0, "num_statements": 4, "percent_covered": 0.0, "percent_covered_display": "0", "missing_lines": 4, "excluded_lines": 0}, "missing_lines": [144, 154, 156, 157], "excluded_lines": []}, "_generate_chat_response": {"executed_lines": [], "summary": {"covered_lines": 0, "num_statements": 36, "percent_covered": 0.0, "percent_covered_display": "0", "missing_lines": 36, "excluded_lines": 0}, "missing_lines": [166, 167, 170, 173, 182, 185, 187, 189, 194, 195, 204, 205, 209, 210, 211, 213, 216, 217, 218, 220, 221, 222, 227, 228, 229, 230, 236, 238, 245, 246, 250, 251, 253, 254, 256, 258], "excluded_lines": []}, "optimize_prompt": {"executed_lines": [], "summary": {"covered_lines": 0, "num_statements": 42, "percent_covered": 0.0, "percent_covered_display": "0", "missing_lines": 42, "excluded_lines": 0}, "missing_lines": [274, 275, 276, 277, 279, 280, 281, 282, 283, 284, 286, 288, 289, 290, 294, 296, 299, 300, 302, 306, 309, 310, 313, 316, 321, 322, 324, 325, 328, 329, 330, 331, 332, 334, 335, 336, 340, 341, 342, 343, 344, 345], "excluded_lines": []}, "debug_pea_route": {"executed_lines": [], "summary": {"covered_lines": 0, "num_statements": 2, "percent_covered": 0.0, "percent_covered_display": "0", "missing_lines": 2, "excluded_lines": 0}, "missing_lines": [351, 352], "excluded_lines": []}, "start_pea_session": {"executed_lines": [], "summary": {"covered_lines": 0, "num_statements": 26, "percent_covered": 0.0, "percent_covered_display": "0", "missing_lines": 26, "excluded_lines": 0}, "missing_lines": [357, 358, 359, 360, 362, 364, 365, 367, 369, 370, 371, 377, 380, 381, 384, 386, 391, 393, 398, 399, 400, 401, 402, 403, 404, 405], "excluded_lines": []}, "pea_chat": {"executed_lines": [], "summary": {"covered_lines": 0, "num_statements": 28, "percent_covered": 0.0, "percent_covered_display": "0", "missing_lines": 28, "excluded_lines": 0}, "missing_lines": [410, 411, 412, 413, 415, 416, 418, 419, 421, 424, 425, 426, 429, 431, 432, 433, 439, 440, 445, 447, 449, 450, 451, 452, 453, 454, 455, 456], "excluded_lines": []}, "finalize_prompt": {"executed_lines": [], "summary": {"covered_lines": 0, "num_statements": 29, "percent_covered": 0.0, "percent_covered_display": "0", "missing_lines": 29, "excluded_lines": 0}, "missing_lines": [470, 471, 472, 473, 475, 477, 478, 480, 483, 484, 485, 487, 488, 489, 495, 500, 503, 504, 509, 515, 517, 521, 522, 523, 524, 525, 526, 527, 528], "excluded_lines": []}, "": {"executed_lines": [1, 7, 8, 9, 10, 11, 12, 13, 14, 15, 18, 20, 23, 38, 49, 63, 66, 100, 106, 114, 118, 123, 137, 159, 261, 262, 349, 350, 354, 355, 407, 408, 458, 459], "summary": {"covered_lines": 33, "num_statements": 33, "percent_covered": 100.0, "percent_covered_display": "100", "missing_lines": 0, "excluded_lines": 0}, "missing_lines": [], "excluded_lines": []}}, "classes": {"": {"executed_lines": [1, 7, 8, 9, 10, 11, 12, 13, 14, 15, 18, 20, 23, 38, 49, 63, 66, 100, 106, 114, 118, 123, 137, 159, 261, 262, 349, 350, 354, 355, 407, 408, 458, 459], "summary": {"covered_lines": 33, "num_statements": 213, "percent_covered": 15.492957746478874, "percent_covered_display": "15", "missing_lines": 180, "excluded_lines": 0}, "missing_lines": [102, 103, 104, 108, 109, 116, 120, 121, 128, 129, 132, 134, 135, 144, 154, 156, 157, 166, 167, 170, 173, 182, 185, 187, 189, 194, 195, 204, 205, 209, 210, 211, 213, 216, 217, 218, 220, 221, 222, 227, 228, 229, 230, 236, 238, 245, 246, 250, 251, 253, 254, 256, 258, 274, 275, 276, 277, 279, 280, 281, 282, 283, 284, 286, 288, 289, 290, 294, 296, 299, 300, 302, 306, 309, 310, 313, 316, 321, 322, 324, 325, 328, 329, 330, 331, 332, 334, 335, 336, 340, 341, 342, 343, 344, 345, 351, 352, 357, 358, 359, 360, 362, 364, 365, 367, 369, 370, 371, 377, 380, 381, 384, 386, 391, 393, 398, 399, 400, 401, 402, 403, 404, 405, 410, 411, 412, 413, 415, 416, 418, 419, 421, 424, 425, 426, 429, 431, 432, 433, 439, 440, 445, 447, 449, 450, 451, 452, 453, 454, 455, 456, 470, 471, 472, 473, 475, 477, 478, 480, 483, 484, 485, 487, 488, 489, 495, 500, 503, 504, 509, 515, 517, 521, 522, 523, 524, 525, 526, 527, 528], "excluded_lines": []}}}, "app.py": {"executed_lines": [1, 2, 3, 4, 6, 8, 9, 11, 13, 14, 18, 19, 22, 23, 26], "summary": {"covered_lines": 15, "num_statements": 19, "percent_covered": 78.94736842105263, "percent_covered_display": "79", "missing_lines": 4, "excluded_lines": 0}, "missing_lines": [15, 20, 24, 27], "excluded_lines": [], "functions": {"index": {"executed_lines": [], "summary": {"covered_lines": 0, "num_statements": 1, "percent_covered": 0.0, "percent_covered_display": "0", "missing_lines": 1, "excluded_lines": 0}, "missing_lines": [15], "excluded_lines": []}, "not_found": {"executed_lines": [], "summary": {"covered_lines": 0, "num_statements": 1, "percent_covered": 0.0, "percent_covered_display": "0", "missing_lines": 1, "excluded_lines": 0}, "missing_lines": [20], "excluded_lines": []}, "internal_error": {"executed_lines": [], "summary": {"covered_lines": 0, "num_statements": 1, "percent_covered": 0.0, "percent_covered_display": "0", "missing_lines": 1, "excluded_lines": 0}, "missing_lines": [24], "excluded_lines": []}, "": {"executed_lines": [1, 2, 3, 4, 6, 8, 9, 11, 13, 14, 18, 19, 22, 23, 26], "summary": {"covered_lines": 15, "num_statements": 16, "percent_covered": 93.75, "percent_covered_display": "94", "missing_lines": 1, "excluded_lines": 0}, "missing_lines": [27], "excluded_lines": []}}, "classes": {"": {"executed_lines": [1, 2, 3, 4, 6, 8, 9, 11, 13, 14, 18, 19, 22, 23, 26], "summary": {"covered_lines": 15, "num_statements": 19, "percent_covered": 78.94736842105263, "percent_covered_display": "79", "missing_lines": 4, "excluded_lines": 0}, "missing_lines": [15, 20, 24, 27], "excluded_lines": []}}}, "test_api.py": {"executed_lines": [], "summary": {"covered_lines": 0, "num_statements": 202, "percent_covered": 0.0, "percent_covered_display": "0", "missing_lines": 202, "excluded_lines": 0}, "missing_lines": [1, 2, 3, 4, 5, 7, 9, 10, 11, 13, 15, 19, 20, 22, 24, 27, 28, 29, 31, 33, 36, 38, 42, 43, 45, 47, 50, 52, 55, 56, 58, 59, 61, 63, 67, 68, 70, 71, 73, 74, 75, 76, 77, 78, 79, 81, 82, 83, 84, 85, 86, 87, 88, 89, 91, 93, 94, 95, 96, 97, 98, 99, 100, 101, 103, 104, 105, 107, 109, 110, 111, 113, 114, 115, 116, 118, 119, 120, 121, 123, 124, 125, 126, 127, 128, 129, 131, 133, 134, 135, 136, 137, 140, 141, 143, 144, 145, 147, 148, 149, 151, 152, 153, 154, 155, 156, 159, 162, 163, 164, 165, 168, 169, 171, 173, 174, 175, 176, 178, 179, 180, 182, 183, 184, 185, 186, 187, 189, 190, 193, 194, 199, 200, 202, 204, 205, 209, 210, 212, 213, 214, 215, 217, 218, 219, 221, 222, 223, 224, 225, 226, 228, 229, 232, 233, 235, 236, 237, 239, 240, 241, 242, 244, 245, 246, 247, 249, 250, 251, 252, 253, 254, 255, 258, 259, 260, 264, 265, 266, 268, 269, 272, 277, 278, 282, 283, 284, 286, 287, 288, 291, 293, 294, 296, 298, 301, 302, 303, 305, 308, 313, 314], "excluded_lines": [], "functions": {"TestAPIEndpoints.setUp": {"executed_lines": [], "summary": {"covered_lines": 0, "num_statements": 2, "percent_covered": 0.0, "percent_covered_display": "0", "missing_lines": 2, "excluded_lines": 0}, "missing_lines": [10, 11], "excluded_lines": []}, "TestAPIEndpoints.test_optimize_prompt": {"executed_lines": [], "summary": {"covered_lines": 0, "num_statements": 3, "percent_covered": 0.0, "percent_covered_display": "0", "missing_lines": 3, "excluded_lines": 0}, "missing_lines": [15, 19, 20], "excluded_lines": []}, "TestAPIEndpoints.test_start_pea_session": {"executed_lines": [], "summary": {"covered_lines": 0, "num_statements": 4, "percent_covered": 0.0, "percent_covered_display": "0", "missing_lines": 4, "excluded_lines": 0}, "missing_lines": [24, 27, 28, 29], "excluded_lines": []}, "TestAPIEndpoints.test_pea_chat": {"executed_lines": [], "summary": {"covered_lines": 0, "num_statements": 5, "percent_covered": 0.0, "percent_covered_display": "0", "missing_lines": 5, "excluded_lines": 0}, "missing_lines": [33, 36, 38, 42, 43], "excluded_lines": []}, "TestAPIEndpoints.test_finalize_prompt": {"executed_lines": [], "summary": {"covered_lines": 0, "num_statements": 5, "percent_covered": 0.0, "percent_covered_display": "0", "missing_lines": 5, "excluded_lines": 0}, "missing_lines": [47, 50, 52, 55, 56], "excluded_lines": []}, "TestAPIEndpoints.test_timeout_error": {"executed_lines": [], "summary": {"covered_lines": 0, "num_statements": 4, "percent_covered": 0.0, "percent_covered_display": "0", "missing_lines": 4, "excluded_lines": 0}, "missing_lines": [61, 63, 67, 68], "excluded_lines": []}, "client": {"executed_lines": [], "summary": {"covered_lines": 0, "num_statements": 5, "percent_covered": 0.0, "percent_covered_display": "0", "missing_lines": 5, "excluded_lines": 0}, "missing_lines": [75, 76, 77, 78, 79], "excluded_lines": []}, "test_optimize_prompt_success": {"executed_lines": [], "summary": {"covered_lines": 0, "num_statements": 16, "percent_covered": 0.0, "percent_covered_display": "0", "missing_lines": 16, "excluded_lines": 0}, "missing_lines": [84, 85, 86, 87, 88, 89, 91, 93, 94, 95, 96, 97, 98, 99, 100, 101], "excluded_lines": []}, "test_optimize_prompt_no_api_key": {"executed_lines": [], "summary": {"covered_lines": 0, "num_statements": 5, "percent_covered": 0.0, "percent_covered_display": "0", "missing_lines": 5, "excluded_lines": 0}, "missing_lines": [105, 107, 109, 110, 111], "excluded_lines": []}, "test_optimize_prompt_no_request": {"executed_lines": [], "summary": {"covered_lines": 0, "num_statements": 3, "percent_covered": 0.0, "percent_covered_display": "0", "missing_lines": 3, "excluded_lines": 0}, "missing_lines": [114, 115, 116], "excluded_lines": []}, "test_optimize_prompt_empty_request": {"executed_lines": [], "summary": {"covered_lines": 0, "num_statements": 3, "percent_covered": 0.0, "percent_covered_display": "0", "missing_lines": 3, "excluded_lines": 0}, "missing_lines": [119, 120, 121], "excluded_lines": []}, "test_optimize_prompt_api_error": {"executed_lines": [], "summary": {"covered_lines": 0, "num_statements": 10, "percent_covered": 0.0, "percent_covered_display": "0", "missing_lines": 10, "excluded_lines": 0}, "missing_lines": [126, 127, 128, 129, 131, 133, 134, 135, 136, 137], "excluded_lines": []}, "clear_conversations": {"executed_lines": [], "summary": {"covered_lines": 0, "num_statements": 3, "percent_covered": 0.0, "percent_covered_display": "0", "missing_lines": 3, "excluded_lines": 0}, "missing_lines": [143, 144, 145], "excluded_lines": []}, "test_start_pea_session_success": {"executed_lines": [], "summary": {"covered_lines": 0, "num_statements": 14, "percent_covered": 0.0, "percent_covered_display": "0", "missing_lines": 14, "excluded_lines": 0}, "missing_lines": [151, 152, 153, 154, 155, 156, 159, 162, 163, 164, 165, 168, 169, 171], "excluded_lines": []}, "test_start_pea_session_no_request": {"executed_lines": [], "summary": {"covered_lines": 0, "num_statements": 3, "percent_covered": 0.0, "percent_covered_display": "0", "missing_lines": 3, "excluded_lines": 0}, "missing_lines": [174, 175, 176], "excluded_lines": []}, "test_pea_chat_success": {"executed_lines": [], "summary": {"covered_lines": 0, "num_statements": 13, "percent_covered": 0.0, "percent_covered_display": "0", "missing_lines": 13, "excluded_lines": 0}, "missing_lines": [182, 183, 184, 185, 186, 187, 189, 190, 193, 194, 199, 200, 202], "excluded_lines": []}, "test_pea_chat_invalid_session": {"executed_lines": [], "summary": {"covered_lines": 0, "num_statements": 3, "percent_covered": 0.0, "percent_covered_display": "0", "missing_lines": 3, "excluded_lines": 0}, "missing_lines": [205, 209, 210], "excluded_lines": []}, "test_pea_chat_missing_data": {"executed_lines": [], "summary": {"covered_lines": 0, "num_statements": 3, "percent_covered": 0.0, "percent_covered_display": "0", "missing_lines": 3, "excluded_lines": 0}, "missing_lines": [213, 214, 215], "excluded_lines": []}, "test_finalize_prompt_success": {"executed_lines": [], "summary": {"covered_lines": 0, "num_statements": 13, "percent_covered": 0.0, "percent_covered_display": "0", "missing_lines": 13, "excluded_lines": 0}, "missing_lines": [221, 222, 223, 224, 225, 226, 228, 229, 232, 233, 235, 236, 237], "excluded_lines": []}, "test_finalize_prompt_invalid_session": {"executed_lines": [], "summary": {"covered_lines": 0, "num_statements": 3, "percent_covered": 0.0, "percent_covered_display": "0", "missing_lines": 3, "excluded_lines": 0}, "missing_lines": [240, 241, 242], "excluded_lines": []}, "test_finalize_prompt_missing_session_id": {"executed_lines": [], "summary": {"covered_lines": 0, "num_statements": 3, "percent_covered": 0.0, "percent_covered_display": "0", "missing_lines": 3, "excluded_lines": 0}, "missing_lines": [245, 246, 247], "excluded_lines": []}, "test_pea_api_error": {"executed_lines": [], "summary": {"covered_lines": 0, "num_statements": 25, "percent_covered": 0.0, "percent_covered_display": "0", "missing_lines": 25, "excluded_lines": 0}, "missing_lines": [252, 253, 254, 255, 258, 259, 260, 264, 265, 266, 268, 269, 272, 277, 278, 282, 283, 284, 286, 287, 288, 291, 293, 294, 296], "excluded_lines": []}, "test_handle_bad_request": {"executed_lines": [], "summary": {"covered_lines": 0, "num_statements": 3, "percent_covered": 0.0, "percent_covered_display": "0", "missing_lines": 3, "excluded_lines": 0}, "missing_lines": [301, 302, 303], "excluded_lines": []}, "test_handle_unsupported_media_type": {"executed_lines": [], "summary": {"covered_lines": 0, "num_statements": 3, "percent_covered": 0.0, "percent_covered_display": "0", "missing_lines": 3, "excluded_lines": 0}, "missing_lines": [308, 313, 314], "excluded_lines": []}, "": {"executed_lines": [], "summary": {"covered_lines": 0, "num_statements": 48, "percent_covered": 0.0, "percent_covered_display": "0", "missing_lines": 48, "excluded_lines": 0}, "missing_lines": [1, 2, 3, 4, 5, 7, 9, 13, 22, 31, 45, 58, 59, 70, 71, 73, 74, 81, 82, 83, 103, 104, 113, 118, 123, 124, 125, 140, 141, 147, 148, 149, 173, 178, 179, 180, 204, 212, 217, 218, 219, 239, 244, 249, 250, 251, 298, 305], "excluded_lines": []}}, "classes": {"TestAPIEndpoints": {"executed_lines": [], "summary": {"covered_lines": 0, "num_statements": 23, "percent_covered": 0.0, "percent_covered_display": "0", "missing_lines": 23, "excluded_lines": 0}, "missing_lines": [10, 11, 15, 19, 20, 24, 27, 28, 29, 33, 36, 38, 42, 43, 47, 50, 52, 55, 56, 61, 63, 67, 68], "excluded_lines": []}, "": {"executed_lines": [], "summary": {"covered_lines": 0, "num_statements": 179, "percent_covered": 0.0, "percent_covered_display": "0", "missing_lines": 179, "excluded_lines": 0}, "missing_lines": [1, 2, 3, 4, 5, 7, 9, 13, 22, 31, 45, 58, 59, 70, 71, 73, 74, 75, 76, 77, 78, 79, 81, 82, 83, 84, 85, 86, 87, 88, 89, 91, 93, 94, 95, 96, 97, 98, 99, 100, 101, 103, 104, 105, 107, 109, 110, 111, 113, 114, 115, 116, 118, 119, 120, 121, 123, 124, 125, 126, 127, 128, 129, 131, 133, 134, 135, 136, 137, 140, 141, 143, 144, 145, 147, 148, 149, 151, 152, 153, 154, 155, 156, 159, 162, 163, 164, 165, 168, 169, 171, 173, 174, 175, 176, 178, 179, 180, 182, 183, 184, 185, 186, 187, 189, 190, 193, 194, 199, 200, 202, 204, 205, 209, 210, 212, 213, 214, 215, 217, 218, 219, 221, 222, 223, 224, 225, 226, 228, 229, 232, 233, 235, 236, 237, 239, 240, 241, 242, 244, 245, 246, 247, 249, 250, 251, 252, 253, 254, 255, 258, 259, 260, 264, 265, 266, 268, 269, 272, 277, 278, 282, 283, 284, 286, 287, 288, 291, 293, 294, 296, 298, 301, 302, 303, 305, 308, 313, 314], "excluded_lines": []}}}, "test_api\\__init__.py": {"executed_lines": [0], "summary": {"covered_lines": 0, "num_statements": 0, "percent_covered": 100.0, "percent_covered_display": "100", "missing_lines": 0, "excluded_lines": 0}, "missing_lines": [], "excluded_lines": [], "functions": {"": {"executed_lines": [], "summary": {"covered_lines": 0, "num_statements": 0, "percent_covered": 100.0, "percent_covered_display": "100", "missing_lines": 0, "excluded_lines": 0}, "missing_lines": [], "excluded_lines": []}}, "classes": {"": {"executed_lines": [], "summary": {"covered_lines": 0, "num_statements": 0, "percent_covered": 100.0, "percent_covered_display": "100", "missing_lines": 0, "excluded_lines": 0}, "missing_lines": [], "excluded_lines": []}}}, "test_api\\test_optimize_prompt.py": {"executed_lines": [1, 2, 3, 4, 5, 8, 10, 11, 21, 22, 28, 29, 58, 59, 87, 88, 104, 105, 118, 119, 132, 133, 147, 148, 174, 175, 190, 191], "summary": {"covered_lines": 27, "num_statements": 97, "percent_covered": 27.835051546391753, "percent_covered_display": "28", "missing_lines": 70, "excluded_lines": 0}, "missing_lines": [15, 16, 17, 18, 19, 33, 34, 35, 37, 41, 42, 43, 45, 51, 52, 53, 54, 55, 56, 63, 64, 65, 67, 71, 72, 73, 75, 81, 82, 83, 92, 98, 99, 100, 101, 102, 109, 114, 115, 116, 123, 128, 129, 130, 137, 138, 143, 144, 145, 152, 153, 154, 156, 160, 161, 162, 164, 170, 171, 172, 179, 184, 185, 186, 187, 188, 195, 200, 201, 202], "excluded_lines": [], "functions": {"client": {"executed_lines": [], "summary": {"covered_lines": 0, "num_statements": 5, "percent_covered": 0.0, "percent_covered_display": "0", "missing_lines": 5, "excluded_lines": 0}, "missing_lines": [15, 16, 17, 18, 19], "excluded_lines": []}, "TestOptimizePrompt.test_optimize_prompt_success": {"executed_lines": [], "summary": {"covered_lines": 0, "num_statements": 14, "percent_covered": 0.0, "percent_covered_display": "0", "missing_lines": 14, "excluded_lines": 0}, "missing_lines": [33, 34, 35, 37, 41, 42, 43, 45, 51, 52, 53, 54, 55, 56], "excluded_lines": []}, "TestOptimizePrompt.test_optimize_prompt_success_with_whitespace_response": {"executed_lines": [], "summary": {"covered_lines": 0, "num_statements": 11, "percent_covered": 0.0, "percent_covered_display": "0", "missing_lines": 11, "excluded_lines": 0}, "missing_lines": [63, 64, 65, 67, 71, 72, 73, 75, 81, 82, 83], "excluded_lines": []}, "TestOptimizePrompt.test_optimize_prompt_missing_json": {"executed_lines": [], "summary": {"covered_lines": 0, "num_statements": 6, "percent_covered": 0.0, "percent_covered_display": "0", "missing_lines": 6, "excluded_lines": 0}, "missing_lines": [92, 98, 99, 100, 101, 102], "excluded_lines": []}, "TestOptimizePrompt.test_optimize_prompt_missing_request_field": {"executed_lines": [], "summary": {"covered_lines": 0, "num_statements": 4, "percent_covered": 0.0, "percent_covered_display": "0", "missing_lines": 4, "excluded_lines": 0}, "missing_lines": [109, 114, 115, 116], "excluded_lines": []}, "TestOptimizePrompt.test_optimize_prompt_empty_request_field": {"executed_lines": [], "summary": {"covered_lines": 0, "num_statements": 4, "percent_covered": 0.0, "percent_covered_display": "0", "missing_lines": 4, "excluded_lines": 0}, "missing_lines": [123, 128, 129, 130], "excluded_lines": []}, "TestOptimizePrompt.test_optimize_prompt_missing_api_key": {"executed_lines": [], "summary": {"covered_lines": 0, "num_statements": 5, "percent_covered": 0.0, "percent_covered_display": "0", "missing_lines": 5, "excluded_lines": 0}, "missing_lines": [137, 138, 143, 144, 145], "excluded_lines": []}, "TestOptimizePrompt.test_optimize_prompt_genai_raises_exception": {"executed_lines": [], "summary": {"covered_lines": 0, "num_statements": 11, "percent_covered": 0.0, "percent_covered_display": "0", "missing_lines": 11, "excluded_lines": 0}, "missing_lines": [152, 153, 154, 156, 160, 161, 162, 164, 170, 171, 172], "excluded_lines": []}, "TestOptimizePrompt.test_optimize_prompt_non_json_content_type": {"executed_lines": [], "summary": {"covered_lines": 0, "num_statements": 6, "percent_covered": 0.0, "percent_covered_display": "0", "missing_lines": 6, "excluded_lines": 0}, "missing_lines": [179, 184, 185, 186, 187, 188], "excluded_lines": []}, "TestOptimizePrompt.test_optimize_prompt_request_field_is_none": {"executed_lines": [], "summary": {"covered_lines": 0, "num_statements": 4, "percent_covered": 0.0, "percent_covered_display": "0", "missing_lines": 4, "excluded_lines": 0}, "missing_lines": [195, 200, 201, 202], "excluded_lines": []}, "": {"executed_lines": [1, 2, 3, 4, 5, 8, 10, 11, 21, 22, 28, 29, 58, 59, 87, 88, 104, 105, 118, 119, 132, 133, 147, 148, 174, 175, 190, 191], "summary": {"covered_lines": 27, "num_statements": 27, "percent_covered": 100.0, "percent_covered_display": "100", "missing_lines": 0, "excluded_lines": 0}, "missing_lines": [], "excluded_lines": []}}, "classes": {"TestOptimizePrompt": {"executed_lines": [], "summary": {"covered_lines": 0, "num_statements": 65, "percent_covered": 0.0, "percent_covered_display": "0", "missing_lines": 65, "excluded_lines": 0}, "missing_lines": [33, 34, 35, 37, 41, 42, 43, 45, 51, 52, 53, 54, 55, 56, 63, 64, 65, 67, 71, 72, 73, 75, 81, 82, 83, 92, 98, 99, 100, 101, 102, 109, 114, 115, 116, 123, 128, 129, 130, 137, 138, 143, 144, 145, 152, 153, 154, 156, 160, 161, 162, 164, 170, 171, 172, 179, 184, 185, 186, 187, 188, 195, 200, 201, 202], "excluded_lines": []}, "": {"executed_lines": [1, 2, 3, 4, 5, 8, 10, 11, 21, 22, 28, 29, 58, 59, 87, 88, 104, 105, 118, 119, 132, 133, 147, 148, 174, 175, 190, 191], "summary": {"covered_lines": 27, "num_statements": 32, "percent_covered": 84.375, "percent_covered_display": "84", "missing_lines": 5, "excluded_lines": 0}, "missing_lines": [15, 16, 17, 18, 19], "excluded_lines": []}}}, "test_app\\__init__.py": {"executed_lines": [0], "summary": {"covered_lines": 0, "num_statements": 0, "percent_covered": 100.0, "percent_covered_display": "100", "missing_lines": 0, "excluded_lines": 0}, "missing_lines": [], "excluded_lines": [], "functions": {"": {"executed_lines": [], "summary": {"covered_lines": 0, "num_statements": 0, "percent_covered": 100.0, "percent_covered_display": "100", "missing_lines": 0, "excluded_lines": 0}, "missing_lines": [], "excluded_lines": []}}, "classes": {"": {"executed_lines": [], "summary": {"covered_lines": 0, "num_statements": 0, "percent_covered": 100.0, "percent_covered_display": "100", "missing_lines": 0, "excluded_lines": 0}, "missing_lines": [], "excluded_lines": []}}}, "test_app\\test_index.py": {"executed_lines": [1, 2, 5, 7, 8, 15, 16, 20, 21, 30, 31, 40, 41, 48, 49, 57, 58, 65, 66, 73, 74], "summary": {"covered_lines": 20, "num_statements": 40, "percent_covered": 50.0, "percent_covered_display": "50", "missing_lines": 20, "excluded_lines": 0}, "missing_lines": [12, 13, 25, 26, 27, 28, 35, 37, 38, 45, 46, 53, 55, 62, 63, 70, 71, 78, 79, 81], "excluded_lines": [], "functions": {"client": {"executed_lines": [], "summary": {"covered_lines": 0, "num_statements": 2, "percent_covered": 0.0, "percent_covered_display": "0", "missing_lines": 2, "excluded_lines": 0}, "missing_lines": [12, 13], "excluded_lines": []}, "TestIndex.test_index_route_returns_expected_string": {"executed_lines": [], "summary": {"covered_lines": 0, "num_statements": 4, "percent_covered": 0.0, "percent_covered_display": "0", "missing_lines": 4, "excluded_lines": 0}, "missing_lines": [25, 26, 27, 28], "excluded_lines": []}, "TestIndex.test_index_route_allows_cors": {"executed_lines": [], "summary": {"covered_lines": 0, "num_statements": 3, "percent_covered": 0.0, "percent_covered_display": "0", "missing_lines": 3, "excluded_lines": 0}, "missing_lines": [35, 37, 38], "excluded_lines": []}, "TestIndex.test_index_route_method_not_allowed": {"executed_lines": [], "summary": {"covered_lines": 0, "num_statements": 2, "percent_covered": 0.0, "percent_covered_display": "0", "missing_lines": 2, "excluded_lines": 0}, "missing_lines": [45, 46], "excluded_lines": []}, "TestIndex.test_index_route_trailing_slash": {"executed_lines": [], "summary": {"covered_lines": 0, "num_statements": 2, "percent_covered": 0.0, "percent_covered_display": "0", "missing_lines": 2, "excluded_lines": 0}, "missing_lines": [53, 55], "excluded_lines": []}, "TestIndex.test_index_route_not_found": {"executed_lines": [], "summary": {"covered_lines": 0, "num_statements": 2, "percent_covered": 0.0, "percent_covered_display": "0", "missing_lines": 2, "excluded_lines": 0}, "missing_lines": [62, 63], "excluded_lines": []}, "TestIndex.test_index_route_case_sensitivity": {"executed_lines": [], "summary": {"covered_lines": 0, "num_statements": 2, "percent_covered": 0.0, "percent_covered_display": "0", "missing_lines": 2, "excluded_lines": 0}, "missing_lines": [70, 71], "excluded_lines": []}, "TestIndex.test_index_route_head_request": {"executed_lines": [], "summary": {"covered_lines": 0, "num_statements": 3, "percent_covered": 0.0, "percent_covered_display": "0", "missing_lines": 3, "excluded_lines": 0}, "missing_lines": [78, 79, 81], "excluded_lines": []}, "": {"executed_lines": [1, 2, 5, 7, 8, 15, 16, 20, 21, 30, 31, 40, 41, 48, 49, 57, 58, 65, 66, 73, 74], "summary": {"covered_lines": 20, "num_statements": 20, "percent_covered": 100.0, "percent_covered_display": "100", "missing_lines": 0, "excluded_lines": 0}, "missing_lines": [], "excluded_lines": []}}, "classes": {"TestIndex": {"executed_lines": [], "summary": {"covered_lines": 0, "num_statements": 18, "percent_covered": 0.0, "percent_covered_display": "0", "missing_lines": 18, "excluded_lines": 0}, "missing_lines": [25, 26, 27, 28, 35, 37, 38, 45, 46, 53, 55, 62, 63, 70, 71, 78, 79, 81], "excluded_lines": []}, "": {"executed_lines": [1, 2, 5, 7, 8, 15, 16, 20, 21, 30, 31, 40, 41, 48, 49, 57, 58, 65, 66, 73, 74], "summary": {"covered_lines": 20, "num_statements": 22, "percent_covered": 90.9090909090909, "percent_covered_display": "91", "missing_lines": 2, "excluded_lines": 0}, "missing_lines": [12, 13], "excluded_lines": []}}}, "test_app\\test_index_1.py": {"executed_lines": [3, 4, 5, 7, 8, 15, 16, 17, 25, 26, 33, 34, 43, 44, 52, 53, 60, 61, 68, 69], "summary": {"covered_lines": 20, "num_statements": 40, "percent_covered": 50.0, "percent_covered_display": "50", "missing_lines": 20, "excluded_lines": 0}, "missing_lines": [12, 13, 21, 22, 23, 30, 31, 38, 40, 41, 48, 49, 50, 57, 58, 65, 66, 73, 74, 75], "excluded_lines": [], "functions": {"client": {"executed_lines": [], "summary": {"covered_lines": 0, "num_statements": 2, "percent_covered": 0.0, "percent_covered_display": "0", "missing_lines": 2, "excluded_lines": 0}, "missing_lines": [12, 13], "excluded_lines": []}, "TestIndex.test_index_returns_welcome_message": {"executed_lines": [], "summary": {"covered_lines": 0, "num_statements": 3, "percent_covered": 0.0, "percent_covered_display": "0", "missing_lines": 3, "excluded_lines": 0}, "missing_lines": [21, 22, 23], "excluded_lines": []}, "TestIndex.test_index_response_content_type": {"executed_lines": [], "summary": {"covered_lines": 0, "num_statements": 2, "percent_covered": 0.0, "percent_covered_display": "0", "missing_lines": 2, "excluded_lines": 0}, "missing_lines": [30, 31], "excluded_lines": []}, "TestIndex.test_index_with_trailing_slash": {"executed_lines": [], "summary": {"covered_lines": 0, "num_statements": 3, "percent_covered": 0.0, "percent_covered_display": "0", "missing_lines": 3, "excluded_lines": 0}, "missing_lines": [38, 40, 41], "excluded_lines": []}, "TestIndex.test_index_with_query_parameters": {"executed_lines": [], "summary": {"covered_lines": 0, "num_statements": 3, "percent_covered": 0.0, "percent_covered_display": "0", "missing_lines": 3, "excluded_lines": 0}, "missing_lines": [48, 49, 50], "excluded_lines": []}, "TestIndex.test_index_with_post_method": {"executed_lines": [], "summary": {"covered_lines": 0, "num_statements": 2, "percent_covered": 0.0, "percent_covered_display": "0", "missing_lines": 2, "excluded_lines": 0}, "missing_lines": [57, 58], "excluded_lines": []}, "TestIndex.test_index_with_unsupported_method": {"executed_lines": [], "summary": {"covered_lines": 0, "num_statements": 2, "percent_covered": 0.0, "percent_covered_display": "0", "missing_lines": 2, "excluded_lines": 0}, "missing_lines": [65, 66], "excluded_lines": []}, "TestIndex.test_index_with_headers": {"executed_lines": [], "summary": {"covered_lines": 0, "num_statements": 3, "percent_covered": 0.0, "percent_covered_display": "0", "missing_lines": 3, "excluded_lines": 0}, "missing_lines": [73, 74, 75], "excluded_lines": []}, "": {"executed_lines": [3, 4, 5, 7, 8, 15, 16, 17, 25, 26, 33, 34, 43, 44, 52, 53, 60, 61, 68, 69], "summary": {"covered_lines": 20, "num_statements": 20, "percent_covered": 100.0, "percent_covered_display": "100", "missing_lines": 0, "excluded_lines": 0}, "missing_lines": [], "excluded_lines": []}}, "classes": {"TestIndex": {"executed_lines": [], "summary": {"covered_lines": 0, "num_statements": 18, "percent_covered": 0.0, "percent_covered_display": "0", "missing_lines": 18, "excluded_lines": 0}, "missing_lines": [21, 22, 23, 30, 31, 38, 40, 41, 48, 49, 50, 57, 58, 65, 66, 73, 74, 75], "excluded_lines": []}, "": {"executed_lines": [3, 4, 5, 7, 8, 15, 16, 17, 25, 26, 33, 34, 43, 44, 52, 53, 60, 61, 68, 69], "summary": {"covered_lines": 20, "num_statements": 22, "percent_covered": 90.9090909090909, "percent_covered_display": "91", "missing_lines": 2, "excluded_lines": 0}, "missing_lines": [12, 13], "excluded_lines": []}}}, "test_gemini_api.py": {"executed_lines": [1, 2, 3, 6, 8, 10, 11, 12, 13, 14, 17, 18, 20, 21], "summary": {"covered_lines": 14, "num_statements": 16, "percent_covered": 87.5, "percent_covered_display": "88", "missing_lines": 2, "excluded_lines": 0}, "missing_lines": [19, 23], "excluded_lines": [], "functions": {"": {"executed_lines": [1, 2, 3, 6, 8, 10, 11, 12, 13, 14, 17, 18, 20, 21], "summary": {"covered_lines": 14, "num_statements": 16, "percent_covered": 87.5, "percent_covered_display": "88", "missing_lines": 2, "excluded_lines": 0}, "missing_lines": [19, 23], "excluded_lines": []}}, "classes": {"": {"executed_lines": [1, 2, 3, 6, 8, 10, 11, 12, 13, 14, 17, 18, 20, 21], "summary": {"covered_lines": 14, "num_statements": 16, "percent_covered": 87.5, "percent_covered_display": "88", "missing_lines": 2, "excluded_lines": 0}, "missing_lines": [19, 23], "excluded_lines": []}}}}, "totals": {"covered_lines": 129, "num_statements": 627, "percent_covered": 20.574162679425836, "percent_covered_display": "21", "missing_lines": 498, "excluded_lines": 0}}